This is pdfTeX, Version 3.141592653-2.6-1.40.25 (MiKTeX 23.4) (preloaded format=pdflatex 2023.5.31)  9 JUN 2023 19:23
entering extended mode
 restricted \write18 enabled.
 file:line:error style messages enabled.
 %&-line parsing enabled.
**c:/tee/ProyectosPweb2/Lab04/Informe_Latex/informe.tex
(c:/tee/ProyectosPweb2/Lab04/Informe_Latex/informe.tex
LaTeX2e <2022-11-01> patch level 1
L3 programming layer <2023-03-30> (C:\Program Files\MiKTeX\tex/latex/base\article.cls
Document Class: article 2022/07/02 v1.4n Standard LaTeX document class
(C:\Program Files\MiKTeX\tex/latex/base\size10.clo
File: size10.clo 2022/07/02 v1.4n Standard LaTeX file (size option)
)
\c@part=\count185
\c@section=\count186
\c@subsection=\count187
\c@subsubsection=\count188
\c@paragraph=\count189
\c@subparagraph=\count190
\c@figure=\count191
\c@table=\count192
\abovecaptionskip=\skip48
\belowcaptionskip=\skip49
\bibindent=\dimen140
) (C:\Users\Klismann\AppData\Roaming\MiKTeX\tex/latex/geometry\geometry.sty
Package: geometry 2020/01/02 v5.9 Page Geometry
 (C:\Program Files\MiKTeX\tex/latex/graphics\keyval.sty
Package: keyval 2022/05/29 v1.15 key=value parser (DPC)
\KV@toks@=\toks16
) (C:\Program Files\MiKTeX\tex/generic/iftex\ifvtex.sty
Package: ifvtex 2019/10/25 v1.7 ifvtex legacy package. Use iftex instead.
 (C:\Program Files\MiKTeX\tex/generic/iftex\iftex.sty
Package: iftex 2022/02/03 v1.0f TeX engine tests
))
\Gm@cnth=\count193
\Gm@cntv=\count194
\c@Gm@tempcnt=\count195
\Gm@bindingoffset=\dimen141
\Gm@wd@mp=\dimen142
\Gm@odd@mp=\dimen143
\Gm@even@mp=\dimen144
\Gm@layoutwidth=\dimen145
\Gm@layoutheight=\dimen146
\Gm@layouthoffset=\dimen147
\Gm@layoutvoffset=\dimen148
\Gm@dimlist=\toks17
 (C:\Users\Klismann\AppData\Roaming\MiKTeX\tex/latex/geometry\geometry.cfg)) (C:\Program Files\MiKTeX\tex/latex/tools\multicol.sty
Package: multicol 2021/11/30 v1.9d multicolumn formatting (FMi)
\c@tracingmulticols=\count196
\mult@box=\box51
\multicol@leftmargin=\dimen149
\c@unbalance=\count197
\c@collectmore=\count198
\doublecol@number=\count199
\multicoltolerance=\count266
\multicolpretolerance=\count267
\full@width=\dimen150
\page@free=\dimen151
\premulticols=\dimen152
\postmulticols=\dimen153
\multicolsep=\skip50
\multicolbaselineskip=\skip51
\partial@page=\box52
\last@line=\box53
\maxbalancingoverflow=\dimen154
\mult@rightbox=\box54
\mult@grightbox=\box55
\mult@firstbox=\box56
\mult@gfirstbox=\box57
\@tempa=\box58
\@tempa=\box59
\@tempa=\box60
\@tempa=\box61
\@tempa=\box62
\@tempa=\box63
\@tempa=\box64
\@tempa=\box65
\@tempa=\box66
\@tempa=\box67
\@tempa=\box68
\@tempa=\box69
\@tempa=\box70
\@tempa=\box71
\@tempa=\box72
\@tempa=\box73
\@tempa=\box74
\@tempa=\box75
\@tempa=\box76
\@tempa=\box77
\@tempa=\box78
\@tempa=\box79
\@tempa=\box80
\@tempa=\box81
\@tempa=\box82
\@tempa=\box83
\@tempa=\box84
\@tempa=\box85
\@tempa=\box86
\@tempa=\box87
\@tempa=\box88
\@tempa=\box89
\@tempa=\box90
\@tempa=\box91
\@tempa=\box92
\@tempa=\box93
\c@minrows=\count268
\c@columnbadness=\count269
\c@finalcolumnbadness=\count270
\last@try=\dimen155
\multicolovershoot=\dimen156
\multicolundershoot=\dimen157
\mult@nat@firstbox=\box94
\colbreak@box=\box95
\mc@col@check@num=\count271
) (C:\Program Files\MiKTeX\tex/latex/graphics\graphicx.sty
Package: graphicx 2021/09/16 v1.2d Enhanced LaTeX Graphics (DPC,SPQR)
 (C:\Program Files\MiKTeX\tex/latex/graphics\graphics.sty
Package: graphics 2022/03/10 v1.4e Standard LaTeX Graphics (DPC,SPQR)
 (C:\Program Files\MiKTeX\tex/latex/graphics\trig.sty
Package: trig 2021/08/11 v1.11 sin cos tan (DPC)
) (C:\Program Files\MiKTeX\tex/latex/graphics-cfg\graphics.cfg
File: graphics.cfg 2016/06/04 v1.11 sample graphics configuration
)
Package graphics Info: Driver file: pdftex.def on input line 107.
 (C:\Program Files\MiKTeX\tex/latex/graphics-def\pdftex.def
File: pdftex.def 2022/09/22 v1.2b Graphics/color driver for pdftex
))
\Gin@req@height=\dimen158
\Gin@req@width=\dimen159
) (C:\Program Files\MiKTeX\tex/latex/url\url.sty
\Urlmuskip=\muskip16
Package: url 2013/09/16  ver 3.4  Verb mode for urls, etc.
) (C:\Program Files\MiKTeX\tex/latex/hyperref\hyperref.sty
Package: hyperref 2023-02-07 v7.00v Hypertext links for LaTeX
 (C:\Users\Klismann\AppData\Roaming\MiKTeX\tex/generic/ltxcmds\ltxcmds.sty
Package: ltxcmds 2020-05-10 v1.25 LaTeX kernel commands for general use (HO)
) (C:\Program Files\MiKTeX\tex/generic/pdftexcmds\pdftexcmds.sty
Package: pdftexcmds 2020-06-27 v0.33 Utility functions of pdfTeX for LuaTeX (HO)
 (C:\Users\Klismann\AppData\Roaming\MiKTeX\tex/generic/infwarerr\infwarerr.sty
Package: infwarerr 2019/12/03 v1.5 Providing info/warning/error messages (HO)
)
Package pdftexcmds Info: \pdf@primitive is available.
Package pdftexcmds Info: \pdf@ifprimitive is available.
Package pdftexcmds Info: \pdfdraftmode found.
) (C:\Users\Klismann\AppData\Roaming\MiKTeX\tex/latex/kvsetkeys\kvsetkeys.sty
Package: kvsetkeys 2022-10-05 v1.19 Key value parser (HO)
) (C:\Users\Klismann\AppData\Roaming\MiKTeX\tex/generic/kvdefinekeys\kvdefinekeys.sty
Package: kvdefinekeys 2019-12-19 v1.6 Define keys (HO)
) (C:\Users\Klismann\AppData\Roaming\MiKTeX\tex/generic/pdfescape\pdfescape.sty
Package: pdfescape 2019/12/09 v1.15 Implements pdfTeX's escape features (HO)
) (C:\Users\Klismann\AppData\Roaming\MiKTeX\tex/latex/hycolor\hycolor.sty
Package: hycolor 2020-01-27 v1.10 Color options for hyperref/bookmark (HO)
) (C:\Users\Klismann\AppData\Roaming\MiKTeX\tex/latex/letltxmacro\letltxmacro.sty
Package: letltxmacro 2019/12/03 v1.6 Let assignment for LaTeX macros (HO)
) (C:\Users\Klismann\AppData\Roaming\MiKTeX\tex/latex/auxhook\auxhook.sty
Package: auxhook 2019-12-17 v1.6 Hooks for auxiliary files (HO)
) (C:\Program Files\MiKTeX\tex/latex/hyperref\nameref.sty
Package: nameref 2022-05-17 v2.50 Cross-referencing by name of section
 (C:\Users\Klismann\AppData\Roaming\MiKTeX\tex/latex/refcount\refcount.sty
Package: refcount 2019/12/15 v3.6 Data extraction from label references (HO)
) (C:\Users\Klismann\AppData\Roaming\MiKTeX\tex/generic/gettitlestring\gettitlestring.sty
Package: gettitlestring 2019/12/15 v1.6 Cleanup title references (HO)
 (C:\Users\Klismann\AppData\Roaming\MiKTeX\tex/latex/kvoptions\kvoptions.sty
Package: kvoptions 2022-06-15 v3.15 Key value format for package options (HO)
))
\c@section@level=\count272
)
\@linkdim=\dimen160
\Hy@linkcounter=\count273
\Hy@pagecounter=\count274
 (C:\Program Files\MiKTeX\tex/latex/hyperref\pd1enc.def
File: pd1enc.def 2023-02-07 v7.00v Hyperref: PDFDocEncoding definition (HO)
Now handling font encoding PD1 ...
... no UTF-8 mapping file for font encoding PD1
) (C:\Users\Klismann\AppData\Roaming\MiKTeX\tex/generic/intcalc\intcalc.sty
Package: intcalc 2019/12/15 v1.3 Expandable calculations with integers (HO)
) (C:\Users\Klismann\AppData\Roaming\MiKTeX\tex/generic/etexcmds\etexcmds.sty
Package: etexcmds 2019/12/15 v1.7 Avoid name clashes with e-TeX commands (HO)
)
\Hy@SavedSpaceFactor=\count275
 (C:\Program Files\MiKTeX\tex/latex/hyperref\puenc.def
File: puenc.def 2023-02-07 v7.00v Hyperref: PDF Unicode definition (HO)
Now handling font encoding PU ...
... no UTF-8 mapping file for font encoding PU
)
Package hyperref Info: Hyper figures OFF on input line 4177.
Package hyperref Info: Link nesting OFF on input line 4182.
Package hyperref Info: Hyper index ON on input line 4185.
Package hyperref Info: Plain pages OFF on input line 4192.
Package hyperref Info: Backreferencing OFF on input line 4197.
Package hyperref Info: Implicit mode ON; LaTeX internals redefined.
Package hyperref Info: Bookmarks ON on input line 4425.
\c@Hy@tempcnt=\count276
LaTeX Info: Redefining \url on input line 4763.
\XeTeXLinkMargin=\dimen161
 (C:\Users\Klismann\AppData\Roaming\MiKTeX\tex/generic/bitset\bitset.sty
Package: bitset 2019/12/09 v1.3 Handle bit-vector datatype (HO)
 (C:\Users\Klismann\AppData\Roaming\MiKTeX\tex/generic/bigintcalc\bigintcalc.sty
Package: bigintcalc 2019/12/15 v1.5 Expandable calculations on big integers (HO)
))
\Fld@menulength=\count277
\Field@Width=\dimen162
\Fld@charsize=\dimen163
Package hyperref Info: Hyper figures OFF on input line 6042.
Package hyperref Info: Link nesting OFF on input line 6047.
Package hyperref Info: Hyper index ON on input line 6050.
Package hyperref Info: backreferencing OFF on input line 6057.
Package hyperref Info: Link coloring OFF on input line 6062.
Package hyperref Info: Link coloring with OCG OFF on input line 6067.
Package hyperref Info: PDF/A mode OFF on input line 6072.
 (C:\Program Files\MiKTeX\tex/latex/base\atbegshi-ltx.sty
Package: atbegshi-ltx 2021/01/10 v1.0c Emulation of the original atbegshi
package with kernel methods
)
\Hy@abspage=\count278
\c@Item=\count279
\c@Hfootnote=\count280
)
Package hyperref Info: Driver (autodetected): hpdftex.
 (C:\Program Files\MiKTeX\tex/latex/hyperref\hpdftex.def
File: hpdftex.def 2023-02-07 v7.00v Hyperref driver for pdfTeX
 (C:\Program Files\MiKTeX\tex/latex/base\atveryend-ltx.sty
Package: atveryend-ltx 2020/08/19 v1.0a Emulation of the original atveryend package
with kernel methods
)
\Fld@listcount=\count281
\c@bookmark@seq@number=\count282
 (C:\Users\Klismann\AppData\Roaming\MiKTeX\tex/latex/rerunfilecheck\rerunfilecheck.sty
Package: rerunfilecheck 2022-07-10 v1.10 Rerun checks for auxiliary files (HO)
 (C:\Users\Klismann\AppData\Roaming\MiKTeX\tex/generic/uniquecounter\uniquecounter.sty
Package: uniquecounter 2019/12/15 v1.4 Provide unlimited unique counter (HO)
)
Package uniquecounter Info: New unique counter `rerunfilecheck' on input line 285.
)
\Hy@SectionHShift=\skip52
) (C:\Program Files\MiKTeX\tex/latex/tools\array.sty
Package: array 2022/09/04 v2.5g Tabular extension package (FMi)
\col@sep=\dimen164
\ar@mcellbox=\box96
\extrarowheight=\dimen165
\NC@list=\toks18
\extratabsurround=\skip53
\backup@length=\skip54
\ar@cellbox=\box97
) (C:\Users\Klismann\AppData\Roaming\MiKTeX\tex/latex/natbib\natbib.sty
Package: natbib 2010/09/13 8.31b (PWD, AO)
\bibhang=\skip55
\bibsep=\skip56
LaTeX Info: Redefining \cite on input line 694.
\c@NAT@ctr=\count283
) (C:\Users\Klismann\AppData\Roaming\MiKTeX\tex/latex/pdfpages\pdfpages.sty
Package: pdfpages 2022/12/19 v0.5x Insert pages of external PDF documents (AM)
 (C:\Program Files\MiKTeX\tex/latex/base\ifthen.sty
Package: ifthen 2022/04/13 v1.1d Standard LaTeX ifthen package (DPC)
) (C:\Program Files\MiKTeX\tex/latex/tools\calc.sty
Package: calc 2017/05/25 v4.3 Infix arithmetic (KKT,FJ)
\calc@Acount=\count284
\calc@Bcount=\count285
\calc@Adimen=\dimen166
\calc@Bdimen=\dimen167
\calc@Askip=\skip57
\calc@Bskip=\skip58
LaTeX Info: Redefining \setlength on input line 80.
LaTeX Info: Redefining \addtolength on input line 81.
\calc@Ccount=\count286
\calc@Cskip=\skip59
) (C:\Users\Klismann\AppData\Roaming\MiKTeX\tex/latex/eso-pic\eso-pic.sty
Package: eso-pic 2023/05/03 v3.0c eso-pic (RN)
\ESO@tempdima=\dimen168
\ESO@tempdimb=\dimen169
 (C:\Program Files\MiKTeX\tex/latex/xcolor\xcolor.sty
Package: xcolor 2022/06/12 v2.14 LaTeX color extensions (UK)
 (C:\Program Files\MiKTeX\tex/latex/graphics-cfg\color.cfg
File: color.cfg 2016/01/02 v1.6 sample color configuration
)
Package xcolor Info: Driver file: pdftex.def on input line 227.
 (C:\Program Files\MiKTeX\tex/latex/graphics\mathcolor.ltx)
Package xcolor Info: Model `cmy' substituted by `cmy0' on input line 1353.
Package xcolor Info: Model `hsb' substituted by `rgb' on input line 1357.
Package xcolor Info: Model `RGB' extended on input line 1369.
Package xcolor Info: Model `HTML' substituted by `rgb' on input line 1371.
Package xcolor Info: Model `Hsb' substituted by `hsb' on input line 1372.
Package xcolor Info: Model `tHsb' substituted by `hsb' on input line 1373.
Package xcolor Info: Model `HSB' substituted by `hsb' on input line 1374.
Package xcolor Info: Model `Gray' substituted by `gray' on input line 1375.
Package xcolor Info: Model `wave' substituted by `hsb' on input line 1376.
))
\AM@pagewidth=\dimen170
\AM@pageheight=\dimen171
\AM@fboxrule=\dimen172
 (C:\Users\Klismann\AppData\Roaming\MiKTeX\tex/latex/pdfpages\pppdftex.def
File: pppdftex.def 2022/12/19 v0.5x Pdfpages driver for pdfTeX (AM)
)
\pdfpages@includegraphics@status=\count287
\AM@pagebox=\box98
\AM@global@opts=\toks19
\AM@pagecnt=\count288
\AM@toc@title=\toks20
\AM@lof@heading=\toks21
\c@AM@survey=\count289
\AM@templatesizebox=\box99
) (C:\Users\Klismann\AppData\Roaming\MiKTeX\tex/latex/multirow\multirow.sty
Package: multirow 2021/03/15 v2.8 Span multiple rows of a table
\multirow@colwidth=\skip60
\multirow@cntb=\count290
\multirow@dima=\skip61
\bigstrutjot=\dimen173
) (C:\Users\Klismann\AppData\Roaming\MiKTeX\tex/latex/ulem\ulem.sty
\UL@box=\box100
\UL@hyphenbox=\box101
\UL@skip=\skip62
\UL@hook=\toks22
\UL@height=\dimen174
\UL@pe=\count291
\UL@pixel=\dimen175
\ULC@box=\box102
Package: ulem 2019/11/18
\ULdepth=\dimen176
) (C:\Users\Klismann\AppData\Roaming\MiKTeX\tex/latex/svg\svg.sty
Package: svg 2020/11/26 v2.02k (include SVG pictures)
 (C:\Users\Klismann\AppData\Roaming\MiKTeX\tex/latex/koma-script\scrbase.sty
Package: scrbase 2023/04/24 v3.40 KOMA-Script package (KOMA-Script-independent basics and keyval usage)
 (C:\Users\Klismann\AppData\Roaming\MiKTeX\tex/latex/koma-script\scrlfile.sty
Package: scrlfile 2023/04/24 v3.40 KOMA-Script package (file load hooks)
 (C:\Users\Klismann\AppData\Roaming\MiKTeX\tex/latex/koma-script\scrlfile-hook.sty
Package: scrlfile-hook 2023/04/24 v3.40 KOMA-Script package (using LaTeX hooks)
 (C:\Users\Klismann\AppData\Roaming\MiKTeX\tex/latex/koma-script\scrlogo.sty
Package: scrlogo 2023/04/24 v3.40 KOMA-Script package (logo)
)))
Applying: [2021/05/01] Usage of raw or classic option list on input line 252.
Already applied: [0000/00/00] Usage of raw or classic option list on input line 368.
) (C:\Program Files\MiKTeX\tex/latex/trimspaces\trimspaces.sty
Package: trimspaces 2009/09/17 v1.1 Trim spaces around a token list
) (C:\Program Files\MiKTeX\tex/latex/tools\shellesc.sty
Package: shellesc 2019/11/08 v1.0c unified shell escape interface for LaTeX
Package shellesc Info: Restricted shell escape enabled on input line 77.
)
\c@svg@param@lastpage=\count292
\svg@box=\box103
\c@svg@param@currpage=\count293
) (C:\Users\Klismann\AppData\Roaming\MiKTeX\tex/latex/transparent\transparent.sty
Package: transparent 2022-10-27 v1.5 Transparency with color stacks
 (C:\Users\Klismann\AppData\Roaming\MiKTeX\tex/latex/transparent\transparent-nometadata.sty
Package: transparent-nometadata 2022-10-27 v1.5 Transparency via pdfTeX's color stack (HO)
)) (C:\Program Files\MiKTeX\tex/latex/pgf/systemlayer\pgfsys.sty (C:\Program Files\MiKTeX\tex/latex/pgf/utilities\pgfrcs.sty (C:\Program Files\MiKTeX\tex/generic/pgf/utilities\pgfutil-common.tex
\pgfutil@everybye=\toks23
\pgfutil@tempdima=\dimen177
\pgfutil@tempdimb=\dimen178
) (C:\Program Files\MiKTeX\tex/generic/pgf/utilities\pgfutil-latex.def
\pgfutil@abb=\box104
) (C:\Program Files\MiKTeX\tex/generic/pgf/utilities\pgfrcs.code.tex (C:\Program Files\MiKTeX\tex/generic/pgf\pgf.revision.tex)
Package: pgfrcs 2023-01-15 v3.1.10 (3.1.10)
)) (C:\Program Files\MiKTeX\tex/generic/pgf/systemlayer\pgfsys.code.tex
Package: pgfsys 2023-01-15 v3.1.10 (3.1.10)
 (C:\Program Files\MiKTeX\tex/generic/pgf/utilities\pgfkeys.code.tex
\pgfkeys@pathtoks=\toks24
\pgfkeys@temptoks=\toks25
 (C:\Program Files\MiKTeX\tex/generic/pgf/utilities\pgfkeyslibraryfiltered.code.tex
\pgfkeys@tmptoks=\toks26
))
\pgf@x=\dimen179
\pgf@y=\dimen180
\pgf@xa=\dimen181
\pgf@ya=\dimen182
\pgf@xb=\dimen183
\pgf@yb=\dimen184
\pgf@xc=\dimen185
\pgf@yc=\dimen186
\pgf@xd=\dimen187
\pgf@yd=\dimen188
\w@pgf@writea=\write3
\r@pgf@reada=\read2
\c@pgf@counta=\count294
\c@pgf@countb=\count295
\c@pgf@countc=\count296
\c@pgf@countd=\count297
\t@pgf@toka=\toks27
\t@pgf@tokb=\toks28
\t@pgf@tokc=\toks29
\pgf@sys@id@count=\count298
 (C:\Program Files\MiKTeX\tex/generic/pgf/systemlayer\pgf.cfg
File: pgf.cfg 2023-01-15 v3.1.10 (3.1.10)
)
Driver file for pgf: pgfsys-pdftex.def
 (C:\Program Files\MiKTeX\tex/generic/pgf/systemlayer\pgfsys-pdftex.def
File: pgfsys-pdftex.def 2023-01-15 v3.1.10 (3.1.10)
 (C:\Program Files\MiKTeX\tex/generic/pgf/systemlayer\pgfsys-common-pdf.def
File: pgfsys-common-pdf.def 2023-01-15 v3.1.10 (3.1.10)
))) (C:\Program Files\MiKTeX\tex/generic/pgf/systemlayer\pgfsyssoftpath.code.tex
File: pgfsyssoftpath.code.tex 2023-01-15 v3.1.10 (3.1.10)
\pgfsyssoftpath@smallbuffer@items=\count299
\pgfsyssoftpath@bigbuffer@items=\count300
) (C:\Program Files\MiKTeX\tex/generic/pgf/systemlayer\pgfsysprotocol.code.tex
File: pgfsysprotocol.code.tex 2023-01-15 v3.1.10 (3.1.10)
)) (C:\Program Files\MiKTeX\tex/latex/listings\listings.sty
\lst@mode=\count301
\lst@gtempboxa=\box105
\lst@token=\toks30
\lst@length=\count302
\lst@currlwidth=\dimen189
\lst@column=\count303
\lst@pos=\count304
\lst@lostspace=\dimen190
\lst@width=\dimen191
\lst@newlines=\count305
\lst@lineno=\count306
\lst@maxwidth=\dimen192
 (C:\Program Files\MiKTeX\tex/latex/listings\lstmisc.sty
File: lstmisc.sty 2023/02/27 1.9 (Carsten Heinz)
\c@lstnumber=\count307
\lst@skipnumbers=\count308
\lst@framebox=\box106
) (C:\Program Files\MiKTeX\tex/latex/listings\listings.cfg
File: listings.cfg 2023/02/27 1.9 listings configuration
))
Package: listings 2023/02/27 1.9 (Carsten Heinz)
 (C:\Users\Klismann\AppData\Roaming\MiKTeX\tex/latex/caption\caption.sty
Package: caption 2023/03/12 v3.6j Customizing captions (AR)
 (C:\Users\Klismann\AppData\Roaming\MiKTeX\tex/latex/caption\caption3.sty
Package: caption3 2023/03/12 v2.4 caption3 kernel (AR)
\caption@tempdima=\dimen193
\captionmargin=\dimen194
\caption@leftmargin=\dimen195
\caption@rightmargin=\dimen196
\caption@width=\dimen197
\caption@indent=\dimen198
\caption@parindent=\dimen199
\caption@hangindent=\dimen256
Package caption Info: Standard document class detected.
)
\c@caption@flags=\count309
\c@continuedfloat=\count310
Package caption Info: hyperref package is loaded.
Package caption Info: listings package is loaded.
) (C:\Users\Klismann\AppData\Roaming\MiKTeX\tex/latex/caption\subcaption.sty
Package: subcaption 2023/02/19 v1.6 Sub-captions (AR)
Package caption Info: New subtype `subfigure' on input line 239.
\c@subfigure=\count311
Package caption Info: New subtype `subtable' on input line 239.
\c@subtable=\count312
) (C:\Users\Klismann\AppData\Roaming\MiKTeX\tex/latex/float\float.sty
Package: float 2001/11/08 v1.3d Float enhancements (AL)
\c@float@type=\count313
\float@exts=\toks31
\float@box=\box107
\@float@everytoks=\toks32
\@floatcapt=\box108
) (C:\Program Files\MiKTeX\tex/generic/babel\babel.sty
Package: babel 2023/03/28 3.87 The Babel package
\babel@savecnt=\count314
\U@D=\dimen257
\l@unhyphenated=\language79
 (C:\Program Files\MiKTeX\tex/generic/babel\txtbabel.def)
\bbl@readstream=\read3
\bbl@dirlevel=\count315

*************************************
* Local config file bblopts.cfg used
*
(C:\Program Files\MiKTeX\tex/latex/arabi\bblopts.cfg
File: bblopts.cfg 2005/09/08 v0.1 add Arabic and Farsi to "declared" options of babel
) (C:\Program Files\MiKTeX\tex/latex/babel-english\english.ldf
Language: english 2017/06/06 v3.3r English support from the babel system
Package babel Info: Hyphen rules for 'canadian' set to \l@english
(babel)             (\language0). Reported on input line 102.
Package babel Info: Hyphen rules for 'australian' set to \l@ukenglish
(babel)             (\language73). Reported on input line 105.
Package babel Info: Hyphen rules for 'newzealand' set to \l@ukenglish
(babel)             (\language73). Reported on input line 108.
) (C:\Users\Klismann\AppData\Roaming\MiKTeX\tex/latex/babel-spanish\spanish.ldf
Language: spanish.ldf 2021/05/27 v5.0q Spanish support from the babel system
\es@quottoks=\toks33
\es@quotdepth=\count316
Package babel Info: Making " an active character on input line 570.
Package babel Info: Making . an active character on input line 675.
Package babel Info: Making < an active character on input line 722.
Package babel Info: Making > an active character on input line 722.
)) (C:\Program Files\MiKTeX\tex/generic/babel/locale/es\babel-spanish.tex
Package babel Info: Importing font and identification data for spanish
(babel)             from babel-es.ini. Reported on input line 11.
) (C:\Program Files\MiKTeX\tex/generic/babel/locale/en\babel-english.tex
Package babel Info: Importing font and identification data for english
(babel)             from babel-en.ini. Reported on input line 11.
) (C:\Program Files\MiKTeX\tex/latex/base\inputenc.sty
Package: inputenc 2021/02/14 v1.3d Input encoding file
\inpenc@prehook=\toks34
\inpenc@posthook=\toks35
) (C:\Users\Klismann\AppData\Roaming\MiKTeX\tex/latex/fancyhdr\fancyhdr.sty
Package: fancyhdr 2022/11/09 v4.1 Extensive control of page headers and footers
\f@nch@headwidth=\skip63
\f@nch@O@elh=\skip64
\f@nch@O@erh=\skip65
\f@nch@O@olh=\skip66
\f@nch@O@orh=\skip67
\f@nch@O@elf=\skip68
\f@nch@O@erf=\skip69
\f@nch@O@olf=\skip70
\f@nch@O@orf=\skip71
) (C:\Users\Klismann\AppData\Roaming\MiKTeX\tex/latex/colortbl\colortbl.sty
Package: colortbl 2022/06/20 v1.0f Color table columns (DPC)
\everycr=\toks36
\minrowclearance=\skip72
\rownum=\count317
) (C:\Program Files\MiKTeX\tex/latex/listings\lstlang1.sty
File: lstlang1.sty 2023/02/27 1.9 listings language file
) (C:\Program Files\MiKTeX\tex/latex/listings\lstlang1.sty
File: lstlang1.sty 2023/02/27 1.9 listings language file
) (C:\Program Files\MiKTeX\tex/latex/l3backend\l3backend-pdftex.def
File: l3backend-pdftex.def 2023-03-30 L3 backend support: PDF output (pdfTeX)
\l__color_backend_stack_int=\count318
\l__pdf_internal_box=\box109
) (c:\tee\ProyectosPweb2\Lab04\Informe_Latex\build\informe.aux
LaTeX Info: Redefining \. on input line 23.
LaTeX Info: Redefining \% on input line 23.
LaTeX Info: Redefining \. on input line 24.
LaTeX Info: Redefining \% on input line 24.
)
\openout1 = `informe.aux'.

LaTeX Font Info:    Checking defaults for OML/cmm/m/it on input line 106.
LaTeX Font Info:    ... okay on input line 106.
LaTeX Font Info:    Checking defaults for OMS/cmsy/m/n on input line 106.
LaTeX Font Info:    ... okay on input line 106.
LaTeX Font Info:    Checking defaults for OT1/cmr/m/n on input line 106.
LaTeX Font Info:    ... okay on input line 106.
LaTeX Font Info:    Checking defaults for T1/cmr/m/n on input line 106.
LaTeX Font Info:    ... okay on input line 106.
LaTeX Font Info:    Checking defaults for TS1/cmr/m/n on input line 106.
LaTeX Font Info:    ... okay on input line 106.
LaTeX Font Info:    Checking defaults for OMX/cmex/m/n on input line 106.
LaTeX Font Info:    ... okay on input line 106.
LaTeX Font Info:    Checking defaults for U/cmr/m/n on input line 106.
LaTeX Font Info:    ... okay on input line 106.
LaTeX Font Info:    Checking defaults for PD1/pdf/m/n on input line 106.
LaTeX Font Info:    ... okay on input line 106.
LaTeX Font Info:    Checking defaults for PU/pdf/m/n on input line 106.
LaTeX Font Info:    ... okay on input line 106.

*geometry* driver: auto-detecting
*geometry* detected driver: pdftex
*geometry* verbose mode - [ preamble ] result:
* driver: pdftex
* paper: <default>
* layout: <same size as paper>
* layoutoffset:(h,v)=(0.0pt,0.0pt)
* modes: 
* h-part:(L,W,R)=(85.35826pt, 443.57848pt, 85.35826pt)
* v-part:(T,H,B)=(85.35826pt, 624.25346pt, 85.35826pt)
* \paperwidth=614.295pt
* \paperheight=794.96999pt
* \textwidth=443.57848pt
* \textheight=624.25346pt
* \oddsidemargin=13.08827pt
* \evensidemargin=13.08827pt
* \topmargin=-23.91173pt
* \headheight=30.0pt
* \headsep=25.0pt
* \topskip=10.0pt
* \footskip=30.0pt
* \marginparwidth=65.0pt
* \marginparsep=11.0pt
* \columnsep=10.0pt
* \skip\footins=9.0pt plus 4.0pt minus 2.0pt
* \hoffset=0.0pt
* \voffset=0.0pt
* \mag=1000
* \@twocolumnfalse
* \@twosidefalse
* \@mparswitchfalse
* \@reversemarginfalse
* (1in=72.27pt=25.4mm, 1cm=28.453pt)

(C:\Program Files\MiKTeX\tex/context/base/mkii\supp-pdf.mkii
[Loading MPS to PDF converter (version 2006.09.02).]
\scratchcounter=\count319
\scratchdimen=\dimen258
\scratchbox=\box110
\nofMPsegments=\count320
\nofMParguments=\count321
\everyMPshowfont=\toks37
\MPscratchCnt=\count322
\MPscratchDim=\dimen259
\MPnumerator=\count323
\makeMPintoPDFobject=\count324
\everyMPtoPDFconversion=\toks38
) (C:\Program Files\MiKTeX\tex/latex/epstopdf-pkg\epstopdf-base.sty
Package: epstopdf-base 2020-01-24 v2.11 Base part for package epstopdf
Package epstopdf-base Info: Redefining graphics rule for `.eps' on input line 485.
 (C:\Program Files\MiKTeX\tex/latex/00miktex\epstopdf-sys.cfg
File: epstopdf-sys.cfg 2021/03/18 v2.0 Configuration of epstopdf for MiKTeX
))
Package hyperref Info: Link coloring OFF on input line 106.
 (c:\tee\ProyectosPweb2\Lab04\Informe_Latex\build\informe.out) (c:\tee\ProyectosPweb2\Lab04\Informe_Latex\build\informe.out)
\@outlinefile=\write4
\openout4 = `informe.out'.

 (C:\Users\Klismann\AppData\Roaming\MiKTeX\tex/latex/pdflscape\pdflscape.sty
Package: pdflscape 2022-10-27 v0.13 Display of landscape pages in PDF
 (C:\Users\Klismann\AppData\Roaming\MiKTeX\tex/latex/pdflscape\pdflscape-nometadata.sty
Package: pdflscape-nometadata 2022-10-28 v0.13 Display of landscape pages in PDF (HO)
 (C:\Program Files\MiKTeX\tex/latex/graphics\lscape.sty
Package: lscape 2020/05/28 v3.02 Landscape Pages (DPC)
)
Package pdflscape Info: Auto-detected driver: pdftex on input line 81.
))
\c@lstlisting=\count325
Package caption Info: Begin \AtBeginDocument code.
Package caption Info: float package is loaded.
Package caption Info: End \AtBeginDocument code.
LaTeX Info: Redefining \. on input line 106.
LaTeX Info: Redefining \% on input line 106.
LaTeX Info: Redefining \. on input line 106.
LaTeX Info: Redefining \% on input line 106.
LaTeX Font Info:    External font `cmex10' loaded for size
(Font)              <7> on input line 117.
LaTeX Font Info:    External font `cmex10' loaded for size
(Font)              <5> on input line 117.

Overfull \hbox (0.89597pt too wide) in paragraph at lines 128--136
[][] 
 []


Overfull \hbox (0.89597pt too wide) in paragraph at lines 139--147
[][] 
 []


Overfull \hbox (0.89597pt too wide) in paragraph at lines 150--158
[][] 
 []


LaTeX Warning: File `img/logo_episunsa.png' not found on input line 185.


c:/tee/ProyectosPweb2/Lab04/Informe_Latex/informe.tex:185: Package pdftex.def Error: File `img/logo_episunsa.png' not found: using draft setting.

See the pdftex.def package documentation for explanation.
Type  H <return>  for immediate help.
 ...                                              
                                                  
l.185         \item E
                     l método invColor es un método privado que toma un co...
Try typing  <return>  to proceed.
If that doesn't work, type  X <return>  to quit.


c:/tee/ProyectosPweb2/Lab04/Informe_Latex/informe.tex:185: LaTeX Error: File `img/logo_abet' not found.

See the LaTeX manual or LaTeX Companion for explanation.
Type  H <return>  for immediate help.
 ...                                              
                                                  
l.185         \item E
                     l método invColor es un método privado que toma un co...
I could not locate the file with any of these extensions:
.pdf,.png,.jpg,.mps,.jpeg,.jbig2,.jb2,.PDF,.PNG,.JPG,.JPEG,.JBIG2,.JB2,.eps
Try typing  <return>  to proceed.
If that doesn't work, type  X <return>  to quit.


Package fancyhdr Warning: \headheight is too small (30.0pt): 
(fancyhdr)                Make it at least 85.36296pt, for example:
(fancyhdr)                \setlength{\headheight}{85.36296pt}.
(fancyhdr)                You might also make \topmargin smaller to compensate:
(fancyhdr)                \addtolength{\topmargin}{-55.36296pt}.

[1{C:/Users/Klismann/AppData/Local/MiKTeX/fonts/map/pdftex/pdftex.map}

]

LaTeX Warning: File `img/imagen1.png' not found on input line 187.


c:/tee/ProyectosPweb2/Lab04/Informe_Latex/informe.tex:187: Package pdftex.def Error: File `img/imagen1.png' not found: using draft setting.

See the pdftex.def package documentation for explanation.
Type  H <return>  for immediate help.
 ...                                              
                                                  
l.187 ...egraphics[width=11.2cm]{img/imagen1.png}}
                                                  }
Try typing  <return>  to proceed.
If that doesn't work, type  X <return>  to quit.


LaTeX Warning: File `img/imagen2.png' not found on input line 191.


c:/tee/ProyectosPweb2/Lab04/Informe_Latex/informe.tex:191: Package pdftex.def Error: File `img/imagen2.png' not found: using draft setting.

See the pdftex.def package documentation for explanation.
Type  H <return>  for immediate help.
 ...                                              
                                                  
l.191 ...egraphics[width=11.2cm]{img/imagen2.png}}
                                                  }
Try typing  <return>  to proceed.
If that doesn't work, type  X <return>  to quit.


LaTeX Warning: File `img/logo_episunsa.png' not found on input line 193.


c:/tee/ProyectosPweb2/Lab04/Informe_Latex/informe.tex:193: Package pdftex.def Error: File `img/logo_episunsa.png' not found: using draft setting.

See the pdftex.def package documentation for explanation.
Type  H <return>  for immediate help.
 ...                                              
                                                  
l.193         \item E
                     l método negative recorre cada fila de la imagen (self...
Try typing  <return>  to proceed.
If that doesn't work, type  X <return>  to quit.


c:/tee/ProyectosPweb2/Lab04/Informe_Latex/informe.tex:193: LaTeX Error: File `img/logo_abet' not found.

See the LaTeX manual or LaTeX Companion for explanation.
Type  H <return>  for immediate help.
 ...                                              
                                                  
l.193         \item E
                     l método negative recorre cada fila de la imagen (self...
I could not locate the file with any of these extensions:
.pdf,.png,.jpg,.mps,.jpeg,.jbig2,.jb2,.PDF,.PNG,.JPG,.JPEG,.JBIG2,.JB2,.eps
Try typing  <return>  to proceed.
If that doesn't work, type  X <return>  to quit.


Package fancyhdr Warning: \headheight is too small (30.0pt): 
(fancyhdr)                Make it at least 85.36296pt, for example:
(fancyhdr)                \setlength{\headheight}{85.36296pt}.
(fancyhdr)                You might also make \topmargin smaller to compensate:
(fancyhdr)                \addtolength{\topmargin}{-55.36296pt}.

[2]

LaTeX Warning: File `img/imagen3.png' not found on input line 196.


c:/tee/ProyectosPweb2/Lab04/Informe_Latex/informe.tex:196: Package pdftex.def Error: File `img/imagen3.png' not found: using draft setting.

See the pdftex.def package documentation for explanation.
Type  H <return>  for immediate help.
 ...                                              
                                                  
l.196 ...egraphics[width=10.2cm]{img/imagen3.png}}
                                                  }
Try typing  <return>  to proceed.
If that doesn't work, type  X <return>  to quit.


LaTeX Warning: File `img/logo_episunsa.png' not found on input line 198.


c:/tee/ProyectosPweb2/Lab04/Informe_Latex/informe.tex:198: Package pdftex.def Error: File `img/logo_episunsa.png' not found: using draft setting.

See the pdftex.def package documentation for explanation.
Type  H <return>  for immediate help.
 ...                                              
                                                  
l.198         \item E
                     l método under toma otra imagen p como argumento y dev...
Try typing  <return>  to proceed.
If that doesn't work, type  X <return>  to quit.


c:/tee/ProyectosPweb2/Lab04/Informe_Latex/informe.tex:198: LaTeX Error: File `img/logo_abet' not found.

See the LaTeX manual or LaTeX Companion for explanation.
Type  H <return>  for immediate help.
 ...                                              
                                                  
l.198         \item E
                     l método under toma otra imagen p como argumento y dev...
I could not locate the file with any of these extensions:
.pdf,.png,.jpg,.mps,.jpeg,.jbig2,.jb2,.PDF,.PNG,.JPG,.JPEG,.JBIG2,.JB2,.eps
Try typing  <return>  to proceed.
If that doesn't work, type  X <return>  to quit.


Package fancyhdr Warning: \headheight is too small (30.0pt): 
(fancyhdr)                Make it at least 85.36296pt, for example:
(fancyhdr)                \setlength{\headheight}{85.36296pt}.
(fancyhdr)                You might also make \topmargin smaller to compensate:
(fancyhdr)                \addtolength{\topmargin}{-55.36296pt}.

[3]

LaTeX Warning: File `img/imagen4.png' not found on input line 200.


c:/tee/ProyectosPweb2/Lab04/Informe_Latex/informe.tex:200: Package pdftex.def Error: File `img/imagen4.png' not found: using draft setting.

See the pdftex.def package documentation for explanation.
Type  H <return>  for immediate help.
 ...                                              
                                                  
l.200 ...egraphics[width=10.2cm]{img/imagen4.png}}
                                                  }
Try typing  <return>  to proceed.
If that doesn't work, type  X <return>  to quit.


LaTeX Warning: File `img/logo_episunsa.png' not found on input line 202.


c:/tee/ProyectosPweb2/Lab04/Informe_Latex/informe.tex:202: Package pdftex.def Error: File `img/logo_episunsa.png' not found: using draft setting.

See the pdftex.def package documentation for explanation.
Type  H <return>  for immediate help.
 ...                                              
                                                  
l.202         \item E
                     ste método permite repetir una imagen verticalmente, c...
Try typing  <return>  to proceed.
If that doesn't work, type  X <return>  to quit.


c:/tee/ProyectosPweb2/Lab04/Informe_Latex/informe.tex:202: LaTeX Error: File `img/logo_abet' not found.

See the LaTeX manual or LaTeX Companion for explanation.
Type  H <return>  for immediate help.
 ...                                              
                                                  
l.202         \item E
                     ste método permite repetir una imagen verticalmente, c...
I could not locate the file with any of these extensions:
.pdf,.png,.jpg,.mps,.jpeg,.jbig2,.jb2,.PDF,.PNG,.JPG,.JPEG,.JBIG2,.JB2,.eps
Try typing  <return>  to proceed.
If that doesn't work, type  X <return>  to quit.


Package fancyhdr Warning: \headheight is too small (30.0pt): 
(fancyhdr)                Make it at least 85.36296pt, for example:
(fancyhdr)                \setlength{\headheight}{85.36296pt}.
(fancyhdr)                You might also make \topmargin smaller to compensate:
(fancyhdr)                \addtolength{\topmargin}{-55.36296pt}.

[4]

LaTeX Warning: File `img/imagen5.png' not found on input line 203.


c:/tee/ProyectosPweb2/Lab04/Informe_Latex/informe.tex:203: Package pdftex.def Error: File `img/imagen5.png' not found: using draft setting.

See the pdftex.def package documentation for explanation.
Type  H <return>  for immediate help.
 ...                                              
                                                  
l.203 ...egraphics[width=11.2cm]{img/imagen5.png}}
                                                  }
Try typing  <return>  to proceed.
If that doesn't work, type  X <return>  to quit.


LaTeX Warning: File `img/logo_episunsa.png' not found on input line 205.


c:/tee/ProyectosPweb2/Lab04/Informe_Latex/informe.tex:205: Package pdftex.def Error: File `img/logo_episunsa.png' not found: using draft setting.

See the pdftex.def package documentation for explanation.
Type  H <return>  for immediate help.
 ...                                              
                                                  
l.205         R
               ESOLVIENDO:
Try typing  <return>  to proceed.
If that doesn't work, type  X <return>  to quit.


c:/tee/ProyectosPweb2/Lab04/Informe_Latex/informe.tex:205: LaTeX Error: File `img/logo_abet' not found.

See the LaTeX manual or LaTeX Companion for explanation.
Type  H <return>  for immediate help.
 ...                                              
                                                  
l.205         R
               ESOLVIENDO:
I could not locate the file with any of these extensions:
.pdf,.png,.jpg,.mps,.jpeg,.jbig2,.jb2,.PDF,.PNG,.JPG,.JPEG,.JBIG2,.JB2,.eps
Try typing  <return>  to proceed.
If that doesn't work, type  X <return>  to quit.


Package fancyhdr Warning: \headheight is too small (30.0pt): 
(fancyhdr)                Make it at least 85.36296pt, for example:
(fancyhdr)                \setlength{\headheight}{85.36296pt}.
(fancyhdr)                You might also make \topmargin smaller to compensate:
(fancyhdr)                \addtolength{\topmargin}{-55.36296pt}.

[5]

LaTeX Warning: File `img/imagen6.png' not found on input line 217.


c:/tee/ProyectosPweb2/Lab04/Informe_Latex/informe.tex:217: Package pdftex.def Error: File `img/imagen6.png' not found: using draft setting.

See the pdftex.def package documentation for explanation.
Type  H <return>  for immediate help.
 ...                                              
                                                  
l.217 ...egraphics[width=12.2cm]{img/imagen6.png}}
                                                  }
Try typing  <return>  to proceed.
If that doesn't work, type  X <return>  to quit.


LaTeX Warning: File `img/logo_episunsa.png' not found on input line 219.


c:/tee/ProyectosPweb2/Lab04/Informe_Latex/informe.tex:219: Package pdftex.def Error: File `img/logo_episunsa.png' not found: using draft setting.

See the pdftex.def package documentation for explanation.
Type  H <return>  for immediate help.
 ...                                              
                                                  
l.219          O
                btenemos:
Try typing  <return>  to proceed.
If that doesn't work, type  X <return>  to quit.


c:/tee/ProyectosPweb2/Lab04/Informe_Latex/informe.tex:219: LaTeX Error: File `img/logo_abet' not found.

See the LaTeX manual or LaTeX Companion for explanation.
Type  H <return>  for immediate help.
 ...                                              
                                                  
l.219          O
                btenemos:
I could not locate the file with any of these extensions:
.pdf,.png,.jpg,.mps,.jpeg,.jbig2,.jb2,.PDF,.PNG,.JPG,.JPEG,.JBIG2,.JB2,.eps
Try typing  <return>  to proceed.
If that doesn't work, type  X <return>  to quit.


Package fancyhdr Warning: \headheight is too small (30.0pt): 
(fancyhdr)                Make it at least 85.36296pt, for example:
(fancyhdr)                \setlength{\headheight}{85.36296pt}.
(fancyhdr)                You might also make \topmargin smaller to compensate:
(fancyhdr)                \addtolength{\topmargin}{-55.36296pt}.

[6]

LaTeX Warning: File `img/General.png' not found on input line 220.


c:/tee/ProyectosPweb2/Lab04/Informe_Latex/informe.tex:220: Package pdftex.def Error: File `img/General.png' not found: using draft setting.

See the pdftex.def package documentation for explanation.
Type  H <return>  for immediate help.
 ...                                              
                                                  
l.220 ...egraphics[width=10.2cm]{img/General.png}}
                                                  }
Try typing  <return>  to proceed.
If that doesn't work, type  X <return>  to quit.


LaTeX Warning: File `img/logo_episunsa.png' not found on input line 222.


c:/tee/ProyectosPweb2/Lab04/Informe_Latex/informe.tex:222: Package pdftex.def Error: File `img/logo_episunsa.png' not found: using draft setting.

See the pdftex.def package documentation for explanation.
Type  H <return>  for immediate help.
 ...                                              
                                                  
l.222         R
               esolviendo:
Try typing  <return>  to proceed.
If that doesn't work, type  X <return>  to quit.


c:/tee/ProyectosPweb2/Lab04/Informe_Latex/informe.tex:222: LaTeX Error: File `img/logo_abet' not found.

See the LaTeX manual or LaTeX Companion for explanation.
Type  H <return>  for immediate help.
 ...                                              
                                                  
l.222         R
               esolviendo:
I could not locate the file with any of these extensions:
.pdf,.png,.jpg,.mps,.jpeg,.jbig2,.jb2,.PDF,.PNG,.JPG,.JPEG,.JBIG2,.JB2,.eps
Try typing  <return>  to proceed.
If that doesn't work, type  X <return>  to quit.


Package fancyhdr Warning: \headheight is too small (30.0pt): 
(fancyhdr)                Make it at least 85.36296pt, for example:
(fancyhdr)                \setlength{\headheight}{85.36296pt}.
(fancyhdr)                You might also make \topmargin smaller to compensate:
(fancyhdr)                \addtolength{\topmargin}{-55.36296pt}.

[7]

LaTeX Warning: File `img/imagen7.png' not found on input line 226.


c:/tee/ProyectosPweb2/Lab04/Informe_Latex/informe.tex:226: Package pdftex.def Error: File `img/imagen7.png' not found: using draft setting.

See the pdftex.def package documentation for explanation.
Type  H <return>  for immediate help.
 ...                                              
                                                  
l.226 ...egraphics[width=10.2cm]{img/imagen7.png}}
                                                  }
Try typing  <return>  to proceed.
If that doesn't work, type  X <return>  to quit.


LaTeX Warning: File `img/logo_episunsa.png' not found on input line 228.


c:/tee/ProyectosPweb2/Lab04/Informe_Latex/informe.tex:228: Package pdftex.def Error: File `img/logo_episunsa.png' not found: using draft setting.

See the pdftex.def package documentation for explanation.
Type  H <return>  for immediate help.
 ...                                              
                                                  
l.228         O
               btenemos:
Try typing  <return>  to proceed.
If that doesn't work, type  X <return>  to quit.


c:/tee/ProyectosPweb2/Lab04/Informe_Latex/informe.tex:228: LaTeX Error: File `img/logo_abet' not found.

See the LaTeX manual or LaTeX Companion for explanation.
Type  H <return>  for immediate help.
 ...                                              
                                                  
l.228         O
               btenemos:
I could not locate the file with any of these extensions:
.pdf,.png,.jpg,.mps,.jpeg,.jbig2,.jb2,.PDF,.PNG,.JPG,.JPEG,.JBIG2,.JB2,.eps
Try typing  <return>  to proceed.
If that doesn't work, type  X <return>  to quit.


Package fancyhdr Warning: \headheight is too small (30.0pt): 
(fancyhdr)                Make it at least 85.36296pt, for example:
(fancyhdr)                \setlength{\headheight}{85.36296pt}.
(fancyhdr)                You might also make \topmargin smaller to compensate:
(fancyhdr)                \addtolength{\topmargin}{-55.36296pt}.

[8]

LaTeX Warning: File `img/Ejercicio2a.png' not found on input line 229.


c:/tee/ProyectosPweb2/Lab04/Informe_Latex/informe.tex:229: Package pdftex.def Error: File `img/Ejercicio2a.png' not found: using draft setting.

See the pdftex.def package documentation for explanation.
Type  H <return>  for immediate help.
 ...                                              
                                                  
l.229 ...phics[width=10.2cm]{img/Ejercicio2a.png}}
                                                  }
Try typing  <return>  to proceed.
If that doesn't work, type  X <return>  to quit.


LaTeX Warning: File `img/logo_episunsa.png' not found on input line 233.


c:/tee/ProyectosPweb2/Lab04/Informe_Latex/informe.tex:233: Package pdftex.def Error: File `img/logo_episunsa.png' not found: using draft setting.

See the pdftex.def package documentation for explanation.
Type  H <return>  for immediate help.
 ...                                              
                                                  
l.233         \item[ ]
                      {\raisebox{-0.2\height}{\includegraphics[width=10.2cm]...
Try typing  <return>  to proceed.
If that doesn't work, type  X <return>  to quit.


c:/tee/ProyectosPweb2/Lab04/Informe_Latex/informe.tex:233: LaTeX Error: File `img/logo_abet' not found.

See the LaTeX manual or LaTeX Companion for explanation.
Type  H <return>  for immediate help.
 ...                                              
                                                  
l.233         \item[ ]
                      {\raisebox{-0.2\height}{\includegraphics[width=10.2cm]...
I could not locate the file with any of these extensions:
.pdf,.png,.jpg,.mps,.jpeg,.jbig2,.jb2,.PDF,.PNG,.JPG,.JPEG,.JBIG2,.JB2,.eps
Try typing  <return>  to proceed.
If that doesn't work, type  X <return>  to quit.


Package fancyhdr Warning: \headheight is too small (30.0pt): 
(fancyhdr)                Make it at least 85.36296pt, for example:
(fancyhdr)                \setlength{\headheight}{85.36296pt}.
(fancyhdr)                You might also make \topmargin smaller to compensate:
(fancyhdr)                \addtolength{\topmargin}{-55.36296pt}.

[9]

LaTeX Warning: File `img/imagen8.png' not found on input line 233.


c:/tee/ProyectosPweb2/Lab04/Informe_Latex/informe.tex:233: Package pdftex.def Error: File `img/imagen8.png' not found: using draft setting.

See the pdftex.def package documentation for explanation.
Type  H <return>  for immediate help.
 ...                                              
                                                  
l.233 ...egraphics[width=10.2cm]{img/imagen8.png}}
                                                  }
Try typing  <return>  to proceed.
If that doesn't work, type  X <return>  to quit.


LaTeX Warning: File `img/Ejercicio2b.png' not found on input line 236.


c:/tee/ProyectosPweb2/Lab04/Informe_Latex/informe.tex:236: Package pdftex.def Error: File `img/Ejercicio2b.png' not found: using draft setting.

See the pdftex.def package documentation for explanation.
Type  H <return>  for immediate help.
 ...                                              
                                                  
l.236 ...phics[width=10.2cm]{img/Ejercicio2b.png}}
                                                  }
Try typing  <return>  to proceed.
If that doesn't work, type  X <return>  to quit.


LaTeX Warning: File `img/logo_episunsa.png' not found on input line 238.


c:/tee/ProyectosPweb2/Lab04/Informe_Latex/informe.tex:238: Package pdftex.def Error: File `img/logo_episunsa.png' not found: using draft setting.

See the pdftex.def package documentation for explanation.
Type  H <return>  for immediate help.
 ...                                              
                                                  
l.238         E
               jercicio2c.
Try typing  <return>  to proceed.
If that doesn't work, type  X <return>  to quit.


c:/tee/ProyectosPweb2/Lab04/Informe_Latex/informe.tex:238: LaTeX Error: File `img/logo_abet' not found.

See the LaTeX manual or LaTeX Companion for explanation.
Type  H <return>  for immediate help.
 ...                                              
                                                  
l.238         E
               jercicio2c.
I could not locate the file with any of these extensions:
.pdf,.png,.jpg,.mps,.jpeg,.jbig2,.jb2,.PDF,.PNG,.JPG,.JPEG,.JBIG2,.JB2,.eps
Try typing  <return>  to proceed.
If that doesn't work, type  X <return>  to quit.


Package fancyhdr Warning: \headheight is too small (30.0pt): 
(fancyhdr)                Make it at least 85.36296pt, for example:
(fancyhdr)                \setlength{\headheight}{85.36296pt}.
(fancyhdr)                You might also make \topmargin smaller to compensate:
(fancyhdr)                \addtolength{\topmargin}{-55.36296pt}.

[10]

LaTeX Warning: File `img/imagen9.png' not found on input line 240.


c:/tee/ProyectosPweb2/Lab04/Informe_Latex/informe.tex:240: Package pdftex.def Error: File `img/imagen9.png' not found: using draft setting.

See the pdftex.def package documentation for explanation.
Type  H <return>  for immediate help.
 ...                                              
                                                  
l.240 ...egraphics[width=10.2cm]{img/imagen9.png}}
                                                  }
Try typing  <return>  to proceed.
If that doesn't work, type  X <return>  to quit.


LaTeX Warning: File `img/logo_episunsa.png' not found on input line 242.


c:/tee/ProyectosPweb2/Lab04/Informe_Latex/informe.tex:242: Package pdftex.def Error: File `img/logo_episunsa.png' not found: using draft setting.

See the pdftex.def package documentation for explanation.
Type  H <return>  for immediate help.
 ...                                              
                                                  
l.242         O
               btenemos:
Try typing  <return>  to proceed.
If that doesn't work, type  X <return>  to quit.


c:/tee/ProyectosPweb2/Lab04/Informe_Latex/informe.tex:242: LaTeX Error: File `img/logo_abet' not found.

See the LaTeX manual or LaTeX Companion for explanation.
Type  H <return>  for immediate help.
 ...                                              
                                                  
l.242         O
               btenemos:
I could not locate the file with any of these extensions:
.pdf,.png,.jpg,.mps,.jpeg,.jbig2,.jb2,.PDF,.PNG,.JPG,.JPEG,.JBIG2,.JB2,.eps
Try typing  <return>  to proceed.
If that doesn't work, type  X <return>  to quit.


Package fancyhdr Warning: \headheight is too small (30.0pt): 
(fancyhdr)                Make it at least 85.36296pt, for example:
(fancyhdr)                \setlength{\headheight}{85.36296pt}.
(fancyhdr)                You might also make \topmargin smaller to compensate:
(fancyhdr)                \addtolength{\topmargin}{-55.36296pt}.

[11]

LaTeX Warning: File `img/Ejercicio2c.png' not found on input line 243.


c:/tee/ProyectosPweb2/Lab04/Informe_Latex/informe.tex:243: Package pdftex.def Error: File `img/Ejercicio2c.png' not found: using draft setting.

See the pdftex.def package documentation for explanation.
Type  H <return>  for immediate help.
 ...                                              
                                                  
l.243 ...phics[width=10.2cm]{img/Ejercicio2c.png}}
                                                  }
Try typing  <return>  to proceed.
If that doesn't work, type  X <return>  to quit.


LaTeX Warning: File `img/logo_episunsa.png' not found on input line 247.


c:/tee/ProyectosPweb2/Lab04/Informe_Latex/informe.tex:247: Package pdftex.def Error: File `img/logo_episunsa.png' not found: using draft setting.

See the pdftex.def package documentation for explanation.
Type  H <return>  for immediate help.
 ...                                              
                                                  
l.247         \item[ ]
                      {\raisebox{-0.2\height}{\includegraphics[width=10.2cm]...
Try typing  <return>  to proceed.
If that doesn't work, type  X <return>  to quit.


c:/tee/ProyectosPweb2/Lab04/Informe_Latex/informe.tex:247: LaTeX Error: File `img/logo_abet' not found.

See the LaTeX manual or LaTeX Companion for explanation.
Type  H <return>  for immediate help.
 ...                                              
                                                  
l.247         \item[ ]
                      {\raisebox{-0.2\height}{\includegraphics[width=10.2cm]...
I could not locate the file with any of these extensions:
.pdf,.png,.jpg,.mps,.jpeg,.jbig2,.jb2,.PDF,.PNG,.JPG,.JPEG,.JBIG2,.JB2,.eps
Try typing  <return>  to proceed.
If that doesn't work, type  X <return>  to quit.


Package fancyhdr Warning: \headheight is too small (30.0pt): 
(fancyhdr)                Make it at least 85.36296pt, for example:
(fancyhdr)                \setlength{\headheight}{85.36296pt}.
(fancyhdr)                You might also make \topmargin smaller to compensate:
(fancyhdr)                \addtolength{\topmargin}{-55.36296pt}.

[12]

LaTeX Warning: File `img/imagen10.png' not found on input line 247.


c:/tee/ProyectosPweb2/Lab04/Informe_Latex/informe.tex:247: Package pdftex.def Error: File `img/imagen10.png' not found: using draft setting.

See the pdftex.def package documentation for explanation.
Type  H <return>  for immediate help.
 ...                                              
                                                  
l.247 ...graphics[width=10.2cm]{img/imagen10.png}}
                                                  }
Try typing  <return>  to proceed.
If that doesn't work, type  X <return>  to quit.


LaTeX Warning: File `img/Ejercicio2d.png' not found on input line 250.


c:/tee/ProyectosPweb2/Lab04/Informe_Latex/informe.tex:250: Package pdftex.def Error: File `img/Ejercicio2d.png' not found: using draft setting.

See the pdftex.def package documentation for explanation.
Type  H <return>  for immediate help.
 ...                                              
                                                  
l.250 ...phics[width=10.2cm]{img/Ejercicio2d.png}}
                                                  }
Try typing  <return>  to proceed.
If that doesn't work, type  X <return>  to quit.


LaTeX Warning: File `img/logo_episunsa.png' not found on input line 253.


c:/tee/ProyectosPweb2/Lab04/Informe_Latex/informe.tex:253: Package pdftex.def Error: File `img/logo_episunsa.png' not found: using draft setting.

See the pdftex.def package documentation for explanation.
Type  H <return>  for immediate help.
 ...                                              
                                                  
l.253         \item S
                     e crea una figura compuesta por la concatenación del n...
Try typing  <return>  to proceed.
If that doesn't work, type  X <return>  to quit.


c:/tee/ProyectosPweb2/Lab04/Informe_Latex/informe.tex:253: LaTeX Error: File `img/logo_abet' not found.

See the LaTeX manual or LaTeX Companion for explanation.
Type  H <return>  for immediate help.
 ...                                              
                                                  
l.253         \item S
                     e crea una figura compuesta por la concatenación del n...
I could not locate the file with any of these extensions:
.pdf,.png,.jpg,.mps,.jpeg,.jbig2,.jb2,.PDF,.PNG,.JPG,.JPEG,.JBIG2,.JB2,.eps
Try typing  <return>  to proceed.
If that doesn't work, type  X <return>  to quit.


Package fancyhdr Warning: \headheight is too small (30.0pt): 
(fancyhdr)                Make it at least 85.36296pt, for example:
(fancyhdr)                \setlength{\headheight}{85.36296pt}.
(fancyhdr)                You might also make \topmargin smaller to compensate:
(fancyhdr)                \addtolength{\topmargin}{-55.36296pt}.

[13]

LaTeX Warning: File `img/imagen11.png' not found on input line 254.


c:/tee/ProyectosPweb2/Lab04/Informe_Latex/informe.tex:254: Package pdftex.def Error: File `img/imagen11.png' not found: using draft setting.

See the pdftex.def package documentation for explanation.
Type  H <return>  for immediate help.
 ...                                              
                                                  
l.254 ...graphics[width=10.2cm]{img/imagen11.png}}
                                                  }
Try typing  <return>  to proceed.
If that doesn't work, type  X <return>  to quit.


LaTeX Warning: File `img/Ejercicio2e.png' not found on input line 257.


c:/tee/ProyectosPweb2/Lab04/Informe_Latex/informe.tex:257: Package pdftex.def Error: File `img/Ejercicio2e.png' not found: using draft setting.

See the pdftex.def package documentation for explanation.
Type  H <return>  for immediate help.
 ...                                              
                                                  
l.257 ...phics[width=10.2cm]{img/Ejercicio2e.png}}
                                                  }
Try typing  <return>  to proceed.
If that doesn't work, type  X <return>  to quit.


LaTeX Warning: File `img/logo_episunsa.png' not found on input line 259.


c:/tee/ProyectosPweb2/Lab04/Informe_Latex/informe.tex:259: Package pdftex.def Error: File `img/logo_episunsa.png' not found: using draft setting.

See the pdftex.def package documentation for explanation.
Type  H <return>  for immediate help.
 ...                                              
                                                  
l.259         E
               jercicio2f.
Try typing  <return>  to proceed.
If that doesn't work, type  X <return>  to quit.


c:/tee/ProyectosPweb2/Lab04/Informe_Latex/informe.tex:259: LaTeX Error: File `img/logo_abet' not found.

See the LaTeX manual or LaTeX Companion for explanation.
Type  H <return>  for immediate help.
 ...                                              
                                                  
l.259         E
               jercicio2f.
I could not locate the file with any of these extensions:
.pdf,.png,.jpg,.mps,.jpeg,.jbig2,.jb2,.PDF,.PNG,.JPG,.JPEG,.JBIG2,.JB2,.eps
Try typing  <return>  to proceed.
If that doesn't work, type  X <return>  to quit.


Package fancyhdr Warning: \headheight is too small (30.0pt): 
(fancyhdr)                Make it at least 85.36296pt, for example:
(fancyhdr)                \setlength{\headheight}{85.36296pt}.
(fancyhdr)                You might also make \topmargin smaller to compensate:
(fancyhdr)                \addtolength{\topmargin}{-55.36296pt}.

[14]

LaTeX Warning: File `img/imagen12.png' not found on input line 261.


c:/tee/ProyectosPweb2/Lab04/Informe_Latex/informe.tex:261: Package pdftex.def Error: File `img/imagen12.png' not found: using draft setting.

See the pdftex.def package documentation for explanation.
Type  H <return>  for immediate help.
 ...                                              
                                                  
l.261 ...graphics[width=12.2cm]{img/imagen12.png}}
                                                  }
Try typing  <return>  to proceed.
If that doesn't work, type  X <return>  to quit.


LaTeX Warning: File `img/logo_episunsa.png' not found on input line 263.


c:/tee/ProyectosPweb2/Lab04/Informe_Latex/informe.tex:263: Package pdftex.def Error: File `img/logo_episunsa.png' not found: using draft setting.

See the pdftex.def package documentation for explanation.
Type  H <return>  for immediate help.
 ...                                              
                                                  
l.263         O
               btenemos:
Try typing  <return>  to proceed.
If that doesn't work, type  X <return>  to quit.


c:/tee/ProyectosPweb2/Lab04/Informe_Latex/informe.tex:263: LaTeX Error: File `img/logo_abet' not found.

See the LaTeX manual or LaTeX Companion for explanation.
Type  H <return>  for immediate help.
 ...                                              
                                                  
l.263         O
               btenemos:
I could not locate the file with any of these extensions:
.pdf,.png,.jpg,.mps,.jpeg,.jbig2,.jb2,.PDF,.PNG,.JPG,.JPEG,.JBIG2,.JB2,.eps
Try typing  <return>  to proceed.
If that doesn't work, type  X <return>  to quit.


Package fancyhdr Warning: \headheight is too small (30.0pt): 
(fancyhdr)                Make it at least 85.36296pt, for example:
(fancyhdr)                \setlength{\headheight}{85.36296pt}.
(fancyhdr)                You might also make \topmargin smaller to compensate:
(fancyhdr)                \addtolength{\topmargin}{-55.36296pt}.

[15]

LaTeX Warning: File `img/Ejercicio2f.png' not found on input line 264.


c:/tee/ProyectosPweb2/Lab04/Informe_Latex/informe.tex:264: Package pdftex.def Error: File `img/Ejercicio2f.png' not found: using draft setting.

See the pdftex.def package documentation for explanation.
Type  H <return>  for immediate help.
 ...                                              
                                                  
l.264 ...phics[width=10.2cm]{img/Ejercicio2f.png}}
                                                  }
Try typing  <return>  to proceed.
If that doesn't work, type  X <return>  to quit.


LaTeX Warning: File `img/logo_episunsa.png' not found on input line 266.


c:/tee/ProyectosPweb2/Lab04/Informe_Latex/informe.tex:266: Package pdftex.def Error: File `img/logo_episunsa.png' not found: using draft setting.

See the pdftex.def package documentation for explanation.
Type  H <return>  for immediate help.
 ...                                              
                                                  
l.266         E
               jercicio2g.
Try typing  <return>  to proceed.
If that doesn't work, type  X <return>  to quit.


c:/tee/ProyectosPweb2/Lab04/Informe_Latex/informe.tex:266: LaTeX Error: File `img/logo_abet' not found.

See the LaTeX manual or LaTeX Companion for explanation.
Type  H <return>  for immediate help.
 ...                                              
                                                  
l.266         E
               jercicio2g.
I could not locate the file with any of these extensions:
.pdf,.png,.jpg,.mps,.jpeg,.jbig2,.jb2,.PDF,.PNG,.JPG,.JPEG,.JBIG2,.JB2,.eps
Try typing  <return>  to proceed.
If that doesn't work, type  X <return>  to quit.


Package fancyhdr Warning: \headheight is too small (30.0pt): 
(fancyhdr)                Make it at least 85.36296pt, for example:
(fancyhdr)                \setlength{\headheight}{85.36296pt}.
(fancyhdr)                You might also make \topmargin smaller to compensate:
(fancyhdr)                \addtolength{\topmargin}{-55.36296pt}.

[16]

LaTeX Warning: File `img/imagen13.png' not found on input line 276.


c:/tee/ProyectosPweb2/Lab04/Informe_Latex/informe.tex:276: Package pdftex.def Error: File `img/imagen13.png' not found: using draft setting.

See the pdftex.def package documentation for explanation.
Type  H <return>  for immediate help.
 ...                                              
                                                  
l.276 ...egraphics[width=9.8cm]{img/imagen13.png}}
                                                  }
Try typing  <return>  to proceed.
If that doesn't work, type  X <return>  to quit.


LaTeX Warning: File `img/logo_episunsa.png' not found on input line 277.


c:/tee/ProyectosPweb2/Lab04/Informe_Latex/informe.tex:277: Package pdftex.def Error: File `img/logo_episunsa.png' not found: using draft setting.

See the pdftex.def package documentation for explanation.
Type  H <return>  for immediate help.
 ...                                              
                                                  
l.277         \item[ ]
                      {\raisebox{-0.2\height}{\includegraphics[width=10.2cm]...
Try typing  <return>  to proceed.
If that doesn't work, type  X <return>  to quit.


c:/tee/ProyectosPweb2/Lab04/Informe_Latex/informe.tex:277: LaTeX Error: File `img/logo_abet' not found.

See the LaTeX manual or LaTeX Companion for explanation.
Type  H <return>  for immediate help.
 ...                                              
                                                  
l.277         \item[ ]
                      {\raisebox{-0.2\height}{\includegraphics[width=10.2cm]...
I could not locate the file with any of these extensions:
.pdf,.png,.jpg,.mps,.jpeg,.jbig2,.jb2,.PDF,.PNG,.JPG,.JPEG,.JBIG2,.JB2,.eps
Try typing  <return>  to proceed.
If that doesn't work, type  X <return>  to quit.


Package fancyhdr Warning: \headheight is too small (30.0pt): 
(fancyhdr)                Make it at least 85.36296pt, for example:
(fancyhdr)                \setlength{\headheight}{85.36296pt}.
(fancyhdr)                You might also make \topmargin smaller to compensate:
(fancyhdr)                \addtolength{\topmargin}{-55.36296pt}.

[17]

LaTeX Warning: File `img/imagen14.png' not found on input line 277.


c:/tee/ProyectosPweb2/Lab04/Informe_Latex/informe.tex:277: Package pdftex.def Error: File `img/imagen14.png' not found: using draft setting.

See the pdftex.def package documentation for explanation.
Type  H <return>  for immediate help.
 ...                                              
                                                  
l.277 ...graphics[width=10.2cm]{img/imagen14.png}}
                                                  }
Try typing  <return>  to proceed.
If that doesn't work, type  X <return>  to quit.


LaTeX Warning: File `img/imagen15.png' not found on input line 278.


c:/tee/ProyectosPweb2/Lab04/Informe_Latex/informe.tex:278: Package pdftex.def Error: File `img/imagen15.png' not found: using draft setting.

See the pdftex.def package documentation for explanation.
Type  H <return>  for immediate help.
 ...                                              
                                                  
l.278 ...graphics[width=11.2cm]{img/imagen15.png}}
                                                  }
Try typing  <return>  to proceed.
If that doesn't work, type  X <return>  to quit.


LaTeX Warning: File `img/logo_episunsa.png' not found on input line 280.


c:/tee/ProyectosPweb2/Lab04/Informe_Latex/informe.tex:280: Package pdftex.def Error: File `img/logo_episunsa.png' not found: using draft setting.

See the pdftex.def package documentation for explanation.
Type  H <return>  for immediate help.
 ...                                              
                                                  
l.280         O
               btenemos:
Try typing  <return>  to proceed.
If that doesn't work, type  X <return>  to quit.


c:/tee/ProyectosPweb2/Lab04/Informe_Latex/informe.tex:280: LaTeX Error: File `img/logo_abet' not found.

See the LaTeX manual or LaTeX Companion for explanation.
Type  H <return>  for immediate help.
 ...                                              
                                                  
l.280         O
               btenemos:
I could not locate the file with any of these extensions:
.pdf,.png,.jpg,.mps,.jpeg,.jbig2,.jb2,.PDF,.PNG,.JPG,.JPEG,.JBIG2,.JB2,.eps
Try typing  <return>  to proceed.
If that doesn't work, type  X <return>  to quit.


Package fancyhdr Warning: \headheight is too small (30.0pt): 
(fancyhdr)                Make it at least 85.36296pt, for example:
(fancyhdr)                \setlength{\headheight}{85.36296pt}.
(fancyhdr)                You might also make \topmargin smaller to compensate:
(fancyhdr)                \addtolength{\topmargin}{-55.36296pt}.

[18]

LaTeX Warning: File `img/Ejercicio2g.png' not found on input line 281.


c:/tee/ProyectosPweb2/Lab04/Informe_Latex/informe.tex:281: Package pdftex.def Error: File `img/Ejercicio2g.png' not found: using draft setting.

See the pdftex.def package documentation for explanation.
Type  H <return>  for immediate help.
 ...                                              
                                                  
l.281 ...phics[width=10.2cm]{img/Ejercicio2g.png}}
                                                  }
Try typing  <return>  to proceed.
If that doesn't work, type  X <return>  to quit.


LaTeX Warning: File `img/logo_episunsa.png' not found on input line 284.


c:/tee/ProyectosPweb2/Lab04/Informe_Latex/informe.tex:284: Package pdftex.def Error: File `img/logo_episunsa.png' not found: using draft setting.

See the pdftex.def package documentation for explanation.
Type  H <return>  for immediate help.
 ...                                              
                                                  
l.284         \item[ ]
                      {\raisebox{-0.2\height}{\includegraphics[width=10.2cm]...
Try typing  <return>  to proceed.
If that doesn't work, type  X <return>  to quit.


c:/tee/ProyectosPweb2/Lab04/Informe_Latex/informe.tex:284: LaTeX Error: File `img/logo_abet' not found.

See the LaTeX manual or LaTeX Companion for explanation.
Type  H <return>  for immediate help.
 ...                                              
                                                  
l.284         \item[ ]
                      {\raisebox{-0.2\height}{\includegraphics[width=10.2cm]...
I could not locate the file with any of these extensions:
.pdf,.png,.jpg,.mps,.jpeg,.jbig2,.jb2,.PDF,.PNG,.JPG,.JPEG,.JBIG2,.JB2,.eps
Try typing  <return>  to proceed.
If that doesn't work, type  X <return>  to quit.


Package fancyhdr Warning: \headheight is too small (30.0pt): 
(fancyhdr)                Make it at least 85.36296pt, for example:
(fancyhdr)                \setlength{\headheight}{85.36296pt}.
(fancyhdr)                You might also make \topmargin smaller to compensate:
(fancyhdr)                \addtolength{\topmargin}{-55.36296pt}.

[19]

LaTeX Warning: File `img/commit1.png' not found on input line 284.


c:/tee/ProyectosPweb2/Lab04/Informe_Latex/informe.tex:284: Package pdftex.def Error: File `img/commit1.png' not found: using draft setting.

See the pdftex.def package documentation for explanation.
Type  H <return>  for immediate help.
 ...                                              
                                                  
l.284 ...egraphics[width=10.2cm]{img/commit1.png}}
                                                  }
Try typing  <return>  to proceed.
If that doesn't work, type  X <return>  to quit.


LaTeX Warning: File `img/commit2.png' not found on input line 285.


c:/tee/ProyectosPweb2/Lab04/Informe_Latex/informe.tex:285: Package pdftex.def Error: File `img/commit2.png' not found: using draft setting.

See the pdftex.def package documentation for explanation.
Type  H <return>  for immediate help.
 ...                                              
                                                  
l.285 ...egraphics[width=10.2cm]{img/commit2.png}}
                                                  }
Try typing  <return>  to proceed.
If that doesn't work, type  X <return>  to quit.


LaTeX Warning: File `img/commit3.png' not found on input line 286.


c:/tee/ProyectosPweb2/Lab04/Informe_Latex/informe.tex:286: Package pdftex.def Error: File `img/commit3.png' not found: using draft setting.

See the pdftex.def package documentation for explanation.
Type  H <return>  for immediate help.
 ...                                              
                                                  
l.286 ...egraphics[width=10.2cm]{img/commit3.png}}
                                                  }
Try typing  <return>  to proceed.
If that doesn't work, type  X <return>  to quit.


LaTeX Warning: File `img/logo_episunsa.png' not found on input line 287.


c:/tee/ProyectosPweb2/Lab04/Informe_Latex/informe.tex:287: Package pdftex.def Error: File `img/logo_episunsa.png' not found: using draft setting.

See the pdftex.def package documentation for explanation.
Type  H <return>  for immediate help.
 ...                                              
                                                  
l.287         \item[ ]
                      {\raisebox{-0.2\height}{\includegraphics[width=10.2cm]...
Try typing  <return>  to proceed.
If that doesn't work, type  X <return>  to quit.


c:/tee/ProyectosPweb2/Lab04/Informe_Latex/informe.tex:287: LaTeX Error: File `img/logo_abet' not found.

See the LaTeX manual or LaTeX Companion for explanation.
Type  H <return>  for immediate help.
 ...                                              
                                                  
l.287         \item[ ]
                      {\raisebox{-0.2\height}{\includegraphics[width=10.2cm]...
I could not locate the file with any of these extensions:
.pdf,.png,.jpg,.mps,.jpeg,.jbig2,.jb2,.PDF,.PNG,.JPG,.JPEG,.JBIG2,.JB2,.eps
Try typing  <return>  to proceed.
If that doesn't work, type  X <return>  to quit.


Package fancyhdr Warning: \headheight is too small (30.0pt): 
(fancyhdr)                Make it at least 85.36296pt, for example:
(fancyhdr)                \setlength{\headheight}{85.36296pt}.
(fancyhdr)                You might also make \topmargin smaller to compensate:
(fancyhdr)                \addtolength{\topmargin}{-55.36296pt}.

[20]

LaTeX Warning: File `img/commit4.png' not found on input line 287.


c:/tee/ProyectosPweb2/Lab04/Informe_Latex/informe.tex:287: Package pdftex.def Error: File `img/commit4.png' not found: using draft setting.

See the pdftex.def package documentation for explanation.
Type  H <return>  for immediate help.
 ...                                              
                                                  
l.287 ...egraphics[width=10.2cm]{img/commit4.png}}
                                                  }
Try typing  <return>  to proceed.
If that doesn't work, type  X <return>  to quit.


LaTeX Warning: File `img/commit5.png' not found on input line 288.


c:/tee/ProyectosPweb2/Lab04/Informe_Latex/informe.tex:288: Package pdftex.def Error: File `img/commit5.png' not found: using draft setting.

See the pdftex.def package documentation for explanation.
Type  H <return>  for immediate help.
 ...                                              
                                                  
l.288 ...egraphics[width=12.2cm]{img/commit5.png}}
                                                  }
Try typing  <return>  to proceed.
If that doesn't work, type  X <return>  to quit.


LaTeX Warning: File `img/logo_episunsa.png' not found on input line 289.


c:/tee/ProyectosPweb2/Lab04/Informe_Latex/informe.tex:289: Package pdftex.def Error: File `img/logo_episunsa.png' not found: using draft setting.

See the pdftex.def package documentation for explanation.
Type  H <return>  for immediate help.
 ...                                              
                                                  
l.289         \item[ ]
                      {\raisebox{-0.2\height}{\includegraphics[width=12.2cm]...
Try typing  <return>  to proceed.
If that doesn't work, type  X <return>  to quit.


c:/tee/ProyectosPweb2/Lab04/Informe_Latex/informe.tex:289: LaTeX Error: File `img/logo_abet' not found.

See the LaTeX manual or LaTeX Companion for explanation.
Type  H <return>  for immediate help.
 ...                                              
                                                  
l.289         \item[ ]
                      {\raisebox{-0.2\height}{\includegraphics[width=12.2cm]...
I could not locate the file with any of these extensions:
.pdf,.png,.jpg,.mps,.jpeg,.jbig2,.jb2,.PDF,.PNG,.JPG,.JPEG,.JBIG2,.JB2,.eps
Try typing  <return>  to proceed.
If that doesn't work, type  X <return>  to quit.


Package fancyhdr Warning: \headheight is too small (30.0pt): 
(fancyhdr)                Make it at least 85.36296pt, for example:
(fancyhdr)                \setlength{\headheight}{85.36296pt}.
(fancyhdr)                You might also make \topmargin smaller to compensate:
(fancyhdr)                \addtolength{\topmargin}{-55.36296pt}.

[21]

LaTeX Warning: File `img/commit6.png' not found on input line 289.


c:/tee/ProyectosPweb2/Lab04/Informe_Latex/informe.tex:289: Package pdftex.def Error: File `img/commit6.png' not found: using draft setting.

See the pdftex.def package documentation for explanation.
Type  H <return>  for immediate help.
 ...                                              
                                                  
l.289 ...egraphics[width=12.2cm]{img/commit6.png}}
                                                  }
Try typing  <return>  to proceed.
If that doesn't work, type  X <return>  to quit.


LaTeX Warning: File `img/logo_episunsa.png' not found on input line 290.


c:/tee/ProyectosPweb2/Lab04/Informe_Latex/informe.tex:290: Package pdftex.def Error: File `img/logo_episunsa.png' not found: using draft setting.

See the pdftex.def package documentation for explanation.
Type  H <return>  for immediate help.
 ...                                              
                                                  
l.290         \item[ ]
                      {\raisebox{-0.2\height}{\includegraphics[width=12.2cm]...
Try typing  <return>  to proceed.
If that doesn't work, type  X <return>  to quit.


c:/tee/ProyectosPweb2/Lab04/Informe_Latex/informe.tex:290: LaTeX Error: File `img/logo_abet' not found.

See the LaTeX manual or LaTeX Companion for explanation.
Type  H <return>  for immediate help.
 ...                                              
                                                  
l.290         \item[ ]
                      {\raisebox{-0.2\height}{\includegraphics[width=12.2cm]...
I could not locate the file with any of these extensions:
.pdf,.png,.jpg,.mps,.jpeg,.jbig2,.jb2,.PDF,.PNG,.JPG,.JPEG,.JBIG2,.JB2,.eps
Try typing  <return>  to proceed.
If that doesn't work, type  X <return>  to quit.


Package fancyhdr Warning: \headheight is too small (30.0pt): 
(fancyhdr)                Make it at least 85.36296pt, for example:
(fancyhdr)                \setlength{\headheight}{85.36296pt}.
(fancyhdr)                You might also make \topmargin smaller to compensate:
(fancyhdr)                \addtolength{\topmargin}{-55.36296pt}.

[22]

LaTeX Warning: File `img/commit7.png' not found on input line 290.


c:/tee/ProyectosPweb2/Lab04/Informe_Latex/informe.tex:290: Package pdftex.def Error: File `img/commit7.png' not found: using draft setting.

See the pdftex.def package documentation for explanation.
Type  H <return>  for immediate help.
 ...                                              
                                                  
l.290 ...egraphics[width=12.2cm]{img/commit7.png}}
                                                  }
Try typing  <return>  to proceed.
If that doesn't work, type  X <return>  to quit.


LaTeX Warning: File `img/logo_episunsa.png' not found on input line 292.


c:/tee/ProyectosPweb2/Lab04/Informe_Latex/informe.tex:292: Package pdftex.def Error: File `img/logo_episunsa.png' not found: using draft setting.

See the pdftex.def package documentation for explanation.
Type  H <return>  for immediate help.
 ...                                              
                                                  
l.292 	\end{itemize}
                    
Try typing  <return>  to proceed.
If that doesn't work, type  X <return>  to quit.


c:/tee/ProyectosPweb2/Lab04/Informe_Latex/informe.tex:292: LaTeX Error: File `img/logo_abet' not found.

See the LaTeX manual or LaTeX Companion for explanation.
Type  H <return>  for immediate help.
 ...                                              
                                                  
l.292 	\end{itemize}
                    
I could not locate the file with any of these extensions:
.pdf,.png,.jpg,.mps,.jpeg,.jbig2,.jb2,.PDF,.PNG,.JPG,.JPEG,.JBIG2,.JB2,.eps
Try typing  <return>  to proceed.
If that doesn't work, type  X <return>  to quit.


Package fancyhdr Warning: \headheight is too small (30.0pt): 
(fancyhdr)                Make it at least 85.36296pt, for example:
(fancyhdr)                \setlength{\headheight}{85.36296pt}.
(fancyhdr)                You might also make \topmargin smaller to compensate:
(fancyhdr)                \addtolength{\topmargin}{-55.36296pt}.

[23]

LaTeX Warning: File `img/logo_episunsa.png' not found on input line 315.


c:/tee/ProyectosPweb2/Lab04/Informe_Latex/informe.tex:315: Package pdftex.def Error: File `img/logo_episunsa.png' not found: using draft setting.

See the pdftex.def package documentation for explanation.
Type  H <return>  for immediate help.
 ...                                              
                                                  
l.315         \item \url
                        {https://github.com/klismannSis/ProyectosPweb2/tree/...
Try typing  <return>  to proceed.
If that doesn't work, type  X <return>  to quit.


c:/tee/ProyectosPweb2/Lab04/Informe_Latex/informe.tex:315: LaTeX Error: File `img/logo_abet' not found.

See the LaTeX manual or LaTeX Companion for explanation.
Type  H <return>  for immediate help.
 ...                                              
                                                  
l.315         \item \url
                        {https://github.com/klismannSis/ProyectosPweb2/tree/...
I could not locate the file with any of these extensions:
.pdf,.png,.jpg,.mps,.jpeg,.jbig2,.jb2,.PDF,.PNG,.JPG,.JPEG,.JBIG2,.JB2,.eps
Try typing  <return>  to proceed.
If that doesn't work, type  X <return>  to quit.


Package fancyhdr Warning: \headheight is too small (30.0pt): 
(fancyhdr)                Make it at least 85.36296pt, for example:
(fancyhdr)                \setlength{\headheight}{85.36296pt}.
(fancyhdr)                You might also make \topmargin smaller to compensate:
(fancyhdr)                \addtolength{\topmargin}{-55.36296pt}.

[24]

c:/tee/ProyectosPweb2/Lab04/Informe_Latex/informe.tex:320: LaTeX Error: Can be used only in preamble.

See the LaTeX manual or LaTeX Companion for explanation.
Type  H <return>  for immediate help.
 ...                                              
                                                  
l.320 	\begin{document}
                       
Your command was ignored.
Type  I <command> <return>  to replace it with another command,
or  <return>  to continue without it.


c:/tee/ProyectosPweb2/Lab04/Informe_Latex/informe.tex:321: LaTeX Error: Lonely \item--perhaps a missing list environment.

See the LaTeX manual or LaTeX Companion for explanation.
Type  H <return>  for immediate help.
 ...                                              
                                                  
l.321     \item 
                 Qué son los archivos *.pyc?
Try typing  <return>  to proceed.
If that doesn't work, type  X <return>  to quit.


Underfull \hbox (badness 10000) detected at line 321
[][]
 []


c:/tee/ProyectosPweb2/Lab04/Informe_Latex/informe.tex:323: LaTeX Error: Lonely \item--perhaps a missing list environment.

See the LaTeX manual or LaTeX Companion for explanation.
Type  H <return>  for immediate help.
 ...                                              
                                                  
l.323     l
           os archivos ".pyc" son archivos de código byte compilado en Pyth...
Try typing  <return>  to proceed.
If that doesn't work, type  X <return>  to quit.


Underfull \hbox (badness 10000) detected at line 323
[][]
 []


c:/tee/ProyectosPweb2/Lab04/Informe_Latex/informe.tex:326: LaTeX Error: Lonely \item--perhaps a missing list environment.

See the LaTeX manual or LaTeX Companion for explanation.
Type  H <return>  for immediate help.
 ...                                              
                                                  
l.326     \item
                ¿Para qué sirve el directorio pycache?
Try typing  <return>  to proceed.
If that doesn't work, type  X <return>  to quit.


Underfull \hbox (badness 10000) detected at line 326
[][]
 []


c:/tee/ProyectosPweb2/Lab04/Informe_Latex/informe.tex:326: LaTeX Error: Lonely \item--perhaps a missing list environment.

See the LaTeX manual or LaTeX Companion for explanation.
Type  H <return>  for immediate help.
 ...                                              
                                                  
l.326     \item 
                 Para qué sirve el directorio pycache?
Try typing  <return>  to proceed.
If that doesn't work, type  X <return>  to quit.


Underfull \hbox (badness 10000) detected at line 326
[][]
 []


c:/tee/ProyectosPweb2/Lab04/Informe_Latex/informe.tex:328: LaTeX Error: Lonely \item--perhaps a missing list environment.

See the LaTeX manual or LaTeX Companion for explanation.
Type  H <return>  for immediate help.
 ...                                              
                                                  
l.328 
      
Try typing  <return>  to proceed.
If that doesn't work, type  X <return>  to quit.


Underfull \hbox (badness 10000) detected at line 328
[][]
 []


c:/tee/ProyectosPweb2/Lab04/Informe_Latex/informe.tex:335: LaTeX Error: Lonely \item--perhaps a missing list environment.

See the LaTeX manual or LaTeX Companion for explanation.
Type  H <return>  for immediate help.
 ...                                              
                                                  
l.335     \item
                ¿Cuáles son los usos y lo que representa el subguión en P...
Try typing  <return>  to proceed.
If that doesn't work, type  X <return>  to quit.


Underfull \hbox (badness 10000) detected at line 335
[][]
 []


c:/tee/ProyectosPweb2/Lab04/Informe_Latex/informe.tex:335: LaTeX Error: Lonely \item--perhaps a missing list environment.

See the LaTeX manual or LaTeX Companion for explanation.
Type  H <return>  for immediate help.
 ...                                              
                                                  
l.335     \item 
                 Cuáles son los usos y lo que representa el subguión en P...
Try typing  <return>  to proceed.
If that doesn't work, type  X <return>  to quit.


Underfull \hbox (badness 10000) detected at line 335
[][]
 []


c:/tee/ProyectosPweb2/Lab04/Informe_Latex/informe.tex:337: LaTeX Error: Lonely \item--perhaps a missing list environment.

See the LaTeX manual or LaTeX Companion for explanation.
Type  H <return>  for immediate help.
 ...                                              
                                                  
l.337 
      
Try typing  <return>  to proceed.
If that doesn't work, type  X <return>  to quit.


Underfull \hbox (badness 10000) detected at line 337
[][]
 []


Overfull \hbox (4.41283pt too wide) in paragraph at lines 367--377
[][]
 []


Underfull \hbox (badness 10000) in paragraph at lines 367--377

 []


LaTeX Warning: File `img/logo_episunsa.png' not found on input line 390.


c:/tee/ProyectosPweb2/Lab04/Informe_Latex/informe.tex:390: Package pdftex.def Error: File `img/logo_episunsa.png' not found: using draft setting.

See the pdftex.def package documentation for explanation.
Type  H <return>  for immediate help.
 ...                                              
                                                  
l.390 \end{document}
                    
Try typing  <return>  to proceed.
If that doesn't work, type  X <return>  to quit.


c:/tee/ProyectosPweb2/Lab04/Informe_Latex/informe.tex:390: LaTeX Error: File `img/logo_abet' not found.

See the LaTeX manual or LaTeX Companion for explanation.
Type  H <return>  for immediate help.
 ...                                              
                                                  
l.390 \end{document}
                    
I could not locate the file with any of these extensions:
.pdf,.png,.jpg,.mps,.jpeg,.jbig2,.jb2,.PDF,.PNG,.JPG,.JPEG,.JBIG2,.JB2,.eps
Try typing  <return>  to proceed.
If that doesn't work, type  X <return>  to quit.


Package fancyhdr Warning: \headheight is too small (30.0pt): 
(fancyhdr)                Make it at least 85.36296pt, for example:
(fancyhdr)                \setlength{\headheight}{85.36296pt}.
(fancyhdr)                You might also make \topmargin smaller to compensate:
(fancyhdr)                \addtolength{\topmargin}{-55.36296pt}.

[25] (c:\tee\ProyectosPweb2\Lab04\Informe_Latex\build\informe.aux
LaTeX Info: Redefining \. on input line 23.
LaTeX Info: Redefining \% on input line 23.
LaTeX Info: Redefining \. on input line 24.
LaTeX Info: Redefining \% on input line 24.
)
Package rerunfilecheck Info: File `informe.out' has not changed.
(rerunfilecheck)             Checksum: 9F627C45D2D583E6AB54E35E373894B8;1020.
 )
(\end occurred inside a group at level 1)

### semi simple group (level 1) entered at line 320 (\begingroup)
### bottom level 
Here is how much of TeX's memory you used:
 18374 strings out of 476331
 321838 string characters out of 5797571
 1875660 words of memory out of 5000000
 38418 multiletter control sequences out of 15000+600000
 514696 words of font info for 41 fonts, out of 8000000 for 9000
 1141 hyphenation exceptions out of 8191
 94i,16n,92p,425b,545s stack positions out of 10000i,1000n,20000p,200000b,200000s
<C:/Program Files/MiKTeX/fonts/type1/public/amsfonts/cm/cmbx10.pfb><C:/Program Files/MiKTeX/fonts/type1/public/amsfonts/cm/cmbx12.pfb><C:/Program Files/MiKTeX/fonts/type1/public/amsfonts/cm/cmbx7.pfb><C:/Program Files/MiKTeX/fonts/type1/public/amsfonts/cm/cmr10.pfb><C:/Program Files/MiKTeX/fonts/type1/public/amsfonts/cm/cmr7.pfb><C:/Program Files/MiKTeX/fonts/type1/public/amsfonts/cm/cmtt10.pfb>
Output written on c:\tee\ProyectosPweb2\Lab04\Informe_Latex\build\informe.pdf (25 pages, 143799 bytes).
PDF statistics:
 196 PDF objects out of 1000 (max. 8388607)
 38 named destinations out of 1000 (max. 500000)
 77 words of extra memory for PDF output out of 10000 (max. 10000000)

